[   0.0000] Liux versin .15.0-47-generic (buildd@lgw01-amd64-001) (gcc version 7.3.0 (Ubuntu 7.3.0-16ubuntu3)) #50-Ubuntu SMP Wed Mar 13 10:44:52 UTC 2019 (Ubuntu 4.15.0-47.50-generic 4.15.18)
[    0.000000] Command line: BOOT_IMAGE=/boot/vmlinuz-4.15.0-47-generic root=LABEL=cloudimg-rootfs ro console=tty1 console=ttyS0
[    0.000000] KERNEL supported cpus:
[    0.000000]   Intel GenuineIntel
[    0.000000]   AMD AuthenticAMD
[    0.000000]   Centaur CentaurHauls
[    0.000000] x86/fpu: Supporting XSAVE feature 0x001: 'x87 floating point registers'
[    0.000000] x86/fpu: Supporting XSAVE feature 0x002: 'SSE registers'
[    0.000000] x86/fpu: Supporting XSAVE feature 0x004: 'AVX registers'
[    0.000000] x86/fpu: xstate_offset[2:  576, xstate_sizes[2]]:  256
[    0.000000] x86/fpu: Enabled xstate features 0x7, context size is 832 bytes, using 'standard' format.
[    0.000000] e820: BIOS-provided physical RAM map:
[    0.000000] BIOS-e820: [mem 0x0000000000000000-0x000000000009fbff] usable
[    0.000000] BIOS-e820: [mem 0x000000000009fc00-0x000000000009ffff] reserved
[    0.000000] BIOS-e820: [mem 0x00000000f000-0x00000000000fffff] reserved
[    0.000000] BIOS-e820: [mem 0x0000000000100000-0x000000003ffeffff] usable
[    0.000000] BIOS-e820: [mem 0x000000003fff0000-0x000000003fffffff] ACPI data
[    0.000000] BIOS-e820: [mem 0x00000000fec00000-0x00000000fec0ff] reserd
[    .0000] BIOS-e20 [em 0x00000000fee00000-0x00000000fee00fff] reserved
[    0.000000] BIOS-e820: [mem 0x00000000fffc0000-0x00000000ffffffff] reserved
[    0.000000] NX (Execute Disable) protection: active
[    0.000000] SMBIOS 2.5 present.
[    0.000000] DMI: innotek GmbH VirtualBox/VirtualBox, BIOS VirtualBox 12/01/2006
[    0.000000] Hypervisor detected: KVM
[    0.000000] e820: last_pfn = 0x3fff0 ax_ah_fn = 0x400000000
   0000000] MTRR: Disabled
[    0.000000] x86/PAT: MTRRs disabled, skipping PAT initialization too.
[    0.000000] CPU MTRRs all blank - virtualized system.
[    0.000000] x6/PAT: Configuraion [0-7]: B WT  C-- UC  WB  WT  UC- UC  
[    0.000000] found SMP MP-table at [mem 0x0009fff0-0x0009ffff] mapped at [        (ptrval)]
[    0.000000] Scanning 1 areas for low memory corruption
[    0.000000] RAMDISK: [mem 0x35adf000-0x36d66fff]
[    0.000000] ACPI: Early table checksum verification disabled
[    0.000000] ACPI: RSDP 0x00000000000E0000 000024 (v02 VBOX  )
[    0.000000] ACPI: XSDT 0x000000003FFF0030 00003C (1 VBOX   VBOXXSDT 00000001 ASL  00000061)
[    0.000000] ACPI: FACP 0x000000003FFF00F0 0000F4 (v04 VBOX   VBOXFACP 00000001 ASL  00000061)
[    0.000000] ACPI: DSDT 0x000000003FFF0470 0021FF (v02 VBOX   VBOXBIOS 00000002 INTL 20100528)
[    0.000000] ACPI: FACS 0x000000003FFF0200 000040
[    0.000000] ACPI: FACS 0x000000003FFF0200 000040
[    0.000000] ACPI: APIC 0x000000003FFF0240 00005C (v02 VBOX   VBOXAIC 000001 ASL  00061)
[    0.000000] ACPI: SSDT 0x000000003FFF02A0 0001CC (v01 VBOX   VBOXCPUT 00000002 INTL 20100528)
[    0.000000] No NUMA configuration found
[    0.000000] Faking a node at [mem 0x0000000000000000-0x000000003ffeffff]
[    0.000000] NODE_DATA(0) allocated [mem 0x3ffc5000-0x3ffeffff]
[    0.000000] kvm-clock: cpu 0, msr 0:3ff44001, primary cpu clock
[    0.000000] kvm-clock: Using msrs 4b564d01 and 4b564d00
[    0.000000] kvm-clock: using sched offset of 4395145118 cycles
[    0.000000] clocksource: kvm-clock: mask: 0xffffffffffffffff max_cycles: 0x1cd42e4dffb, max_idle_ns: 881590591483 ns
[    0.000000] Zone ranges:
[    0.000000]   DMA      [mem 0x0000000000001000-0x0000000000ffffff]
[    0.000000]   DMA32    [mem 0x0000000001000000-0x000000003ffeffff]
[    0.000000]   Normal   empty
[    0.000000]   Device   empty
[    0.000000] Movable zone start for each node
[    0.000000] Early memory node ranges
[    0.000000]   node   0: [mem 0x0000000000001000-0x000000000009efff]
[    0.000000]   node   0: [mem 0x0000000000100000-0x000000003ffeffff]
[    0.000000] Reserved but unavailable: 114 pages
[    0.000000] Initmem setup node 0 [mem 0x0000000000001000-0x000000003ffeffff]
[    0.000000] ACPI: PM-Timer IO Port: 0x4008
[    0.000000] IOAPIC[0]: apic_id 2, version 32, address 0xfec00000, GSI 0-23
[    0.000000] ACPI: INT_SRC_OVR (bus 0 bus_irq 0 global_irq 2 dfl dfl)
[    0.000000] ACPI: INT_SRC_OVR (bus 0 bus_irq 9 global_irq 9 low level)
[    0.000000] Using ACPI (MADT) for SMP configuration information
[    0.000000] smpboot: Allowing 2 CPUs, 0 hotplug CPUs
[    0.000000] PM: Registered nosave memory: [mem 0x00000000-0x00000fff]
[   0.000000] PM: Registered nosave memory: [mem 0x0009f000-0x0009ffff]
[   .000000] PM: Registered nosave memory: [mem 0x00a0000-0x000effff]
[    0.000000] PM: Registered nosave memory: [mem 0x000f0000-0x000fffff]
[    0.000000] e820: [mem 0x40000000-0xfebfffff] available for PCI devices
[    0.000000] Booting paravirtualized kernel on KVM
[    0.000000] clocksource: refined-jiffies: mask: 0xffffffff max_cycles: 0xffffffff, max_idle_ns: 7645519600211568 ns
[    0.000000] random: get_random_bytes called from sar_kernel+0x99/0x4fd with crng_init=0
[    0.000000] setup_percpu: NR_CPUS:8192 nr_cpumask_bits:2 nr_cpu_ids:2 nr_node_ids:1
[    0.000000] percpu: Embedded 46 pages/cpu @        (ptrval) s151552 r8192 d28672 u1048576
[    0.000000] PV qspinlock hash table entries:25 (rder: 0, 4096 bytes)
[   .00000] Buil 1zoelists mbiity grouping on.  Total pages: 257913
[   0.00000]Poic zone:MA2
[    0.0000] Kernel command line: BOOT_IMAGE=/boot/vmlinuz-4.15.0-47-generic root=LABEL=cloudimg-rootfs ro console=tty1 console=ttyS0
[    0.000000] Memory: 983608K/1048120K available (12300K kernel code, 2473K rwdata, 4252K rodata, 2408K init, 2416K bss, 64512K reserved, 0K cma-reserved)
[    0.000000] SLUB: HWalign=64, Order=0-3, MinObjects=0, CPUs=2, Nodes=1
[    0.000000] Kernel/User page tles islaio: enabed
[   0.000000ftrace: alloatng 392 entris in 154 ges
[    0.004000] Hierarchical RCU implementation.
[    0.004000] 	RCU restricting CPUs from NR_CPUS=8192 to nr_cpu_ids=2.
[    0.004000] 	Tasks RCU enabled.
[    0.004000] RCU: Adjusting geometry for rcu_fanout_leaf=16, nr_cpu_ids=2
[    0.004000] NR_IRQS: 524544, nr_irqs: 440, preallocated irqs: 16
[    0.004000] Console: colour VGA+ 80x25
[    0.004000] console [tty1] enabled
[    0.004000] console [ttyS0] enabled
[    0.004000] ACPI: Core revision 20170831
[    0.004000] ACPI: 2 ACPI AML tables successfully acquied ad loaded
[    0.004000] APIC:Switch to symmetric I/O mode setup
[    0.004236] x2apic enabled
[    0.008005] Switched APIC routing to physical x2apic.
[    0.016847] ..TIMER: vector=0x30 apic1=0 pin1=2 apic2=-1 pin2=-1
[    0.020002] tsc: Detected 1607.999 MHz processor
[    0.024011] Calibrating delay loop (skipped) preset value.. 3215.99 BogoMIPS (lpj=6431996)
[    0.026448] pid_max: default: 32768 minimum: 301
[    0.028049] Security Framework initialized
[    0.032008] Yama: becoming mindful.
[    0.033168] AppArmor: AppArmor initialized
[    0.037615] Dentry cache hash table entries: 131072 (order: 8, 1048576 bytes)
[    0.040116] Inode-cache hash table entries: 65536 (order: 7, 524288 bytes)
[    0.044019] Mount-cache hash table entries: 2048 (order: 2, 16384 bytes)
[    0.048009] Mountpoint-cache hash table entries: 2048 (order: 2, 16384 bytes)
[    0.052242] mce: CPU supports 0 MCE banks
[    0.056018] Last level iTLB entries: 4KB 64, 2MB 8, 4MB 8
[    0.057941] Last level dTLB entries: 4KB 64, 2MB 0, 4MB 0, 1GB 4
[    0.060004] Spectre V2 : Mitigation: Full generic retpoline
[    0.064003] Spectre V2 : Spectre v2 / SpectreRSB mitigation: Filling RSB on context switch
[    0.068008] Speculative Store Bypass: Vulnerable
[    0.072096] Freeing SMP alternatives memory: 36K
[    0.084000] smpboot: CPU0: Intel(R) Core(TM) i5-8210Y CPU @ 1.60GHz (family: 0x6, model: 0x8e, stepping: 0x9)
[    0.084067] Performance Events: unsupported p6 CPU model 142 no PMU driver, software events only.
[    0.088042] Hierarchical SRCU implementation.
[    0.092538] NMI watchdog: Perf event create on CPU 0 failed with -2
[    0.096002] NMI watchdog: Perf NMI watchdog permanently disabled
[    0.100075] smp: Bringing up secondary CPUs ...
[    0.104094] x86: Booting SMP configuration:
[    0.105625] .... node  #0, CPUs:      #1
[    0.004000] kvm-clock: cpu 1, msr 0:3ff44041, secondary cpu clock
[    0.004000] mce: CPU supports 0 MCE banks
[    0.118355] smp: Brought up 1 node, 2 CPUs
[    0.120006] smpboot: Max logical packages: 1
[    0.124004] smpboot: Total of 2 processors activated (6431.99 BogoMIPS)
[    0.128142] devtmpfs: initialized
[    0.132060] x86/mm: Memory block size: 128MB
[    0.133753] evm: security.selinux
[    0.135106] evm: security.SMACK64
[    0.136003] evm: security.SMACK64EXEC
[    0.137344] evm: security.SMACK64TRANSMUTE
[    0.140004] evm: security.SMACK64MMAP
[    0.141416] evm: security.apparmor
[    0.144003] evm: security.ima
[    0.145121] evm: security.capability
[    0.148094] clocksource: jiffies: mask: 0xffffffff max_cycles: 0xffffffff, max_idle_ns: 7645041785100000 ns
[    0.152013] futex hash table entries: 512 (order: 3, 32768 bytes)
[    0.156059] pinctrl core: initialized pinctrl subsystem
[    0.161691] RTC time: 21:57:43, date: 04/10/19
[    0.164210] NET: Registered protocol family 16
[    0.168094] audit: initializing netlink subsys (disabled)
[    0.172047] audit: type=2000 audit(1554933466.838:1): state=initialized audit_enabled=0 res=1
[    0.312021] cpuidle: using governor ladder
[    0.316009] cpuidle: using governor menu
[    0.320058] ACPI: bus type PCI registered
[    0.321209] acpiphp: ACPI Hot Plug PCI Controller Driver version: 0.5
[    0.323166] PCI: Using configuration type 1 for base access
[    0.325292] HugeTLB registered 2.00 MiB page size, pre-allocated 0 pages
[    0.328124] ACPI: Added _OSI(Module Device)
[    0.329486] ACPI: Added _OSI(Processor Device)
[    0.332010] ACPI: Added _OSI(3.0 _SCP Extensions)
[    0.334052] ACPI: Added _OSI(Processor Aggregator Device)
[    0.336013] ACPI: Added _OSI(Linux-Dell-Video)
[    0.340011] ACPI: Added _OSI(Linux-Lenovo-NV-HDMI-Audio)
[    0.342079] ACPI: Added _OSI(Linux-HPI-Hybrid-Graphics)
[    0.344514] ACPI: Executed 1 blocks of module-level executable AML code
[    0.352881] ACPI: Interpreter enabled
[    0.354637] ACPI: (supports S0 S5)
[    0.355903] ACPI: Using IOAPIC for interrupt routing
[    0.356820] PCI: Using host bridge windows from ACPI; if necessary, use "pci=nocrs" and report a bug
[    0.360650] ACPI: Enabled 2 GPEs in block 00 to 07
[    0.385597] ACPI: PCI Root Bridge [PCI0] (domain 0000 [bus 00-ff])
[    0.388042] acpi PNP0A03:00: _OSC: OS supports [ASPM ClockPM Segments MSI]
[    0.392037] acpi PNP0A03:00: _OSC: not requesting OS control; OS requires [ExtendedConfig ASPM ClockPM MSI]
[    0.396018] acpi PNP0A03:00: fail to add MMCONFIG information, can't access extended PCI configuration space under this bridge.
[    0.405107] PCI host bridge to bus 0000:00
[    0.408012] pci_bus 0000:00: root bus resource [io  0x0000-0x0cf7 window]
[    0.412013] pci_bus 0000:00: root bus resource [io  0x0d00-0xffff window]
[    0.416005] pci_bus 0000:00: root bus resource [mem 0x000a0000-0x000bffff window]
[    0.420005] pci_bus 0000:00: root bus resource [mem 0x40000000-0xfdffffff window]
[    0.424008] pci_bus 0000:00: root bus resource [bus 00-ff]
[    0.434193] pci 0000:00:01.1: legacy IDE quirk: reg 0x10: [io  0x01f0-0x01f7]
[    0.436004] pci 0000:00:01.1: legacy IDE quirk: reg 0x14: [io  0x03f6]
[    0.440010] pci 0000:00:01.1: legacy IDE quirk: reg 0x18: [io  0x0170-0x0177]
[    0.444004] pci 0000:00:01.1: legacy IDE quirk: reg 0x1c: [io  0x0376]
[    0.468637] pci 0000:00:07.0: quirk: [io  0x4000-0x403f] claimed by PIIX4 ACPI
[    0.472027] pci 0000:00:07.0: quirk: [io  0x4100-0x410f] claimed by PIIX4 SMB
[    0.489185] ACPI: PCI Interrupt Link [LNKA] (IRQs 5 9 10 *11)
[    0.496294] ACPI: PCI Interrupt Link [LNKB] (IRQs 5 9 *10 11)
[    0.500181] ACPI: PCI Interrupt Link [LNKC] (IRQs 5 *9 10 11)
[    0.504209] ACPI: PCI Interrupt Link [LNKD] (IRQs 5 9 10 *11)
[    0.508426] SCSI subsystem initialized
[    0.510084] pci 0000:00:02.0: vgaarb: setting as boot VGA device
[    0.512000] pci 0000:00:02.0: vgaarb: VGA device added: decodes=io+mem,owns=io+mem,locks=none
[    0.512013] pci 0000:00:02.0: vgaarb: bridge control possible
[    0.516003] vgaarb: loaded
[    0.517062] ACPI: bus type USB registered
[    0.520025] usbcore: registered new interface driver usbfs
[    0.524013] usbcore: registered new interface driver hub
[    0.525924] usbcore: registered new device driver usb
[    0.528060] EDAC MC: Ver: 3.0.0
[    0.532030] PCI: Using ACPI for IRQ routing
[    0.534147] NetLabel: Initializing
[    0.536003] NetLabel:  domain hash size = 128
[    0.540002] NetLabel:  protocols = UNLABELED CIPSOv4 CALIPSO
[    0.542032] NetLabel:  unlabeled traffic allowed by default
[    0.544095] clocksource: Switched to clocksource kvm-clock
[    0.569899] VFS: Disk quotas dquot_6.6.0
[    0.572669] VF: Dquot-cache hash table entries: 512 (order 0, 4096 bytes)
[    0.598191] AppArmor: AppArmor Filesystem Enabled
[    0.599928] pnp: PnP ACPI init
[  0.602734] pnp: PnP ACPI: found 3 devices

[    0.662074] clocksource: acpi_pm: mask: 0xffffff max_cycles: 0xffffff, max_idle_ns: 2085701024 ns
[    0.665405] NET: Registered protocol family 2
[    0.668320] TCP established hash table entries: 8192 (ode 4656 tes)
[    0.881453] TCP bind hash table entries: 8192 (order: 5, 131072 bytes)
[    0.883442] TCP: Hash tables configured (established 8192 bind 8192)
[    0.885366] UDP hash table entries: 512 (order: 2, 16384 bytes)
[    0.887114] UDP-Lite hash table entries: 512 (order: 2, 16384 bytes)
[    0.889039] NET: Registered protocol family 1
[    0.890364] pci 00000:0.: imti direct PC/PCI tanfers
[    1.149209] pci 0000:00:01.0: Activating ISA DMA hang workarounds
[    1.150996] pci 0000:00:02.0: Video device with shadowed ROM at [mem 0x000c0000-0x000dffff]
[    1.153797] Unpacking initramfs...

[    1.477177] Freeing initrd memory: 18976K
[    1.514147] platform rtc_cmos: registered platform RTC device (no PNP device found)
[    1.583794] Scanning for low memory corruption every 60 seconds
[    1.586377] Initialise system trusted keyrings
[    1.614538] Key type blacklist registered
[    1.671913] workingset: timestamp_bits=36 max_order=18 bucket_order=0
[    1.750049] zbud: loaded
[    1.771449] squashfs: version 4.0 (2009/01/31) Phillip Lougher
[    1.831824] fuse init (API version 7.26)
[    1.878214] Key type asymmetric registered
[    1.879399] Asymmetric key parser 'x509' registered
[    1.880884] Block layer SCSI generic (bsg) driver version 0.4 loaded (major 246)
[    1.883095] io scheduler noop registered
[    1.933457] io scheduler deadline registered
[    2.012672] io scheduler cfq registered (default)
[    2.065343] ACPI: AC Adapter [AC] (on-line)
[    2.103344] input: Power Button as /devices/LNXSYSTM:00/LNXPWRBN:00/input/input0
[    2.230096] ACPI: Power Button [PWRF]
[    2.262182] input: Sleep Button as /devices/LNXSYSTM:00/LNXSLPBN:00/input/input1
[    2.264977] ACPI: Sleep Button [SLPF]
[    2.266987] Serial: 8250/16550 driver, 32 ports, IRQ sharing enabled
[    2.269111] ACPI: Battery Slot [BAT0] (battery present)
[    2.338758] 00:02: ttyS0 at I/O 0x3f8 (irq = 4, base_baud = 115200) is a 16550A
[    2.347231] Linux agpgart interface v0.103
[    2.352937] loop: module loaded
[    2.361410] scsi host0: ata_piix
[    2.364809] scsi host1: ata_piix
[    2.368491] ata1: PATA max UDMA/33 cmd 0x1f0 ctl 0x3f6 bmdma 0xd000 irq 14
[    2.376006] ata2: PATA max UDMA/33 cmd 0x170 ctl 0x376 bmdma 0xd008 irq 15
[    2.382345] libphy: Fixed MDIO Bus: probed
[    2.445244] tun: Universal TUN/TAP device driver, 1.6
[    2.462430] PPP generic driver version 2.4.2
[    2.483948] ehci_hcd: USB 2.0 'Enhanced' Host Controller (EHCI) Driver
[    2.485957] ehci-pci: EHCI PCI platform driver
[    2.487358] ehci-platform: EHCI generic platform driver
[    2.495275] ohci_hcd: USB 1.1 'Open' Host Controller (OHCI) Driver
[    2.498164] ohci-pci: OHCI PCI platform driver
[    2.561301] ohci-platform: OHCI generic platform driver
[    2.660835] tsc: Refined TSC clocksource calibration: 1607.471 MHz
[    2.669146] uhci_hcd: USB Universal Host Controller Interface driver
[    2.669225] i8042: PNP: PS/2 Controller [PNP0303:PS2K,PNP0f03:PS2M] at 0x60,0x64 irq 1,12
[    2.669674] serio: i8042 KBD port at 0x60,0x64 irq 1
[    2.669701] serio: i8042 AUX port at 0x60,0x64 irq 12
[    2.756877] mousedev: PS/2 mouse device common for all mice
[    2.757246] rtc_cmos rtc_cmos: rtc core: registered rtc_cmos as rtc0
[    2.757303] rtc_cmos rtc_cmos: alarms up to one day, 114 bytes nvram
[    2.757310] i2c /dev entries driver
[    2.757315] pcie_mp2_amd: AMD(R) PCI-E MP2 Communication Driver Version: 1.0
[    2.757382] device-mapper: uevent: version 1.0.3
[    2.757427] device-mapper: ioctl: 4.37.0-ioctl (2017-09-20) initialised: dm-devel@redhat.com
[    3.243082] input: AT Translated Set 2 keyboard as /devices/platform/i8042/serio0/input/input2
[    3.376533] clocksource: tsc: mask: 0xffffffffffffffff max_cycles: 0x172bb688fef, max_idle_ns: 440795275658 ns
[    3.403110] ledtrig-cpu: registered to indicate activity on CPUs
[    3.405432] NET: Registered protocol family 10
[    3.410795] Segment Routing with IPv6
[    3.412251] NET: Registered protocol family 17
[    3.414016] Key type dns_resolver registered
[    3.415807] RAS: Correctable Errors collector initialized.
[    3.417823] sched_clock: Marking stable (3417803200, 0)->(6938621415, -3520818215)
[    3.421714] registered taskstats version 1
[    3.423596] Loading compiled-in X.509 certificates
[    3.429032] Loaded X.509 cert 'Build time autogenerated kernel key: 7211859d1298c08a101905a3cb814e8c7b4bf4a4'
[    3.433753] zswap: loaded using pool lzo/zbud
[    3.441059] Key type big_key registered
[    3.443353] Key type trusted registered
[    3.450175] Key type encrypted registered
[    3.452357] AppArmor: AppArmor sha1 policy hashing enabled
[    3.463070] ima: No TPM chip found, activating TPM-bypass! (rc=-19)
[    3.473989] ima: Allocated hash algorithm: sha1
[    3.478427] evm: HMAC attrs: 0x1
[    3.482264]   Magic number: 15:409:1005
[    3.484531] input input2: hash matches
[    3.487501] rtc_cmos rtc_cmos: setting system clock to 2019-04-10 21:57:47 UTC (1554933467)
[    3.492463] BIOS EDD facility v0.16 2004-Jun-25, 0 devices found
[    3.495642] EDD information not available.
[    3.504536] Freeing unused kernel memory: 2408K
[    3.975142] Write protecting the kernel read-only data: 20480k
[    4.118616] Freeing unused kernel memory: 2008K
[    4.122473] Freeing unused kernel memory: 1892K
[    4.419504] x86/mm: Checked W+X mappings: passed, no W+X pages found.
[    4.427073] x86/mm: Checking user space page tables
[    4.438168] x86/mm: Checked W+X mappings: passed, no W+X pages found.
Loading, please wait...
starting version 237
[    4.503455] e1000: Intel(R) PRO/1000 Network Driver - version 7.3.21-k8-NAPI
[    4.520450] e1000: Copyright (c) 1999-2006 Intel Corporation.
[    4.531297] Fusion MPT base driver 3.04.20
[    4.540394] Copyright (c) 1999-2008 LSI Corporation
[    4.561125] Fusion MPT SPI Host driver 3.04.20
[    4.573285] AVX2 version of gcm_enc/dec engaged.
[    4.578309] AES CTR mode by8 optimization enabled
[    4.753486] input: ImExPS/2 Generic Explorer Mouse as /devices/platform/i8042/serio1/input/input4
[    5.007065] e1000 0000:00:03.0 eth0: (PCI:33MHz:32-bit) 02:1e:30:9c:a3:c0
[    5.131318] e1000 0000:00:03.0 eth0: Intel(R) PRO/1000 Network Connection
[    5.575794] e1000 0000:00:08.0 eth1: (PCI:33MHz:32-bit) 08:00:27:94:1e:ba
[    5.668737] e1000 0000:00:08.0 eth1: Intel(R) PRO/1000 Network Connection
[    5.672672] e1000 0000:00:03.0 enp0s3: renamed from eth0
[    5.677055] mptbase: ioc0: Initiating bringup
[    5.693150] e1000 0000:00:08.0 enp0s8: renamed from eth1
[    5.781667] ioc0: LSI53C1030 A0: Capabilities={Initiator}
[    6.625746] scsi host2: ioc0: LSI53C1030 A0, FwRev=00000000h, Ports=1, MaxQ=256, IRQ=20
[    7.459395] scsi 2:0:0:0: Direct-Access     VBOX     HARDDISK         1.0  PQ: 0 ANSI: 5
[    7.628100] scsi target2:0:0: Beginning Domain Validation
[    7.631694] scsi target2:0:0: Domain Validation skipping write tests
[    7.634915] scsi target2:0:0: Ending Domain Validation
[    7.637439] scsi target2:0:0: asynchronous
[    7.639799] scsi 2:0:1:0: Direct-Access     VBOX     HARDDISK         1.0  PQ: 0 ANSI: 5
[    8.140242] scsi target2:0:1: Beginning Domain Validation
[    8.330169] random: fast init done
[    8.426119] scsi target2:0:1: Domain Validation skipping write tests
[    8.623483] scsi target2:0:1: Ending Domain Validation
[    8.639132] scsi target2:0:1: asynchronous
[    8.664938] random: systemd-udevd: uninitialized urandom read (16 bytes read)
[    8.665118] sd 2:0:0:0: Attached scsi generic sg0 type 0
[    8.665259] sd 2:0:0:0: [sda] 20971520 512-byte logical blocks: (10.7 GB/10.0 GiB)
[    8.665359] sd 2:0:0:0: [sda] Write Protect is off
[    8.665553] sd 2:0:0:0: [sda] Incomplete mode parameter data
[    8.665568] sd 2:0:0:0: [sda] Assuming drive cache: write through
[    8.665976] sd 2:0:1:0: Attached scsi generic sg1 type 0
[    8.666606] sd 2:0:1:0: [sdb] 20480 512-byte logical blocks: (10.5 MB/10.0 MiB)
[    8.666692] sd 2:0:1:0: [sdb] Write Protect is off
[    8.666851] sd 2:0:1:0: [sdb] Incomplete mode parameter data
[    8.666852] sd 2:0:1:0: [sdb] Assuming drive cache: write through
[    8.667695]  sda: sda1
[    8.668364] sd 2:0:0:0: [sda] Attached SCSI disk
[    8.669385] sd 2:0:1:0: [sdb] Attached SCSI disk
[    9.027668] random: systemd-udevd: uninitialized urandom read (16 bytes read)
[    9.030166] random: systemd-udevd: uninitialized urandom read (16 bytes read)
Begin: Loading essential drivers ... [   10.516157] raid6: sse2x1   gen() 11656 MB/s
[   10.640987] raid6: sse2x1   xor()  7862 MB/s
[   10.730376] raid6: sse2x2   gen() 14586 MB/s
[   10.816444] raid6: sse2x2   xor()  9455 MB/s
[   10.916323] raid6: sse2x4   gen() 15457 MB/s
[   10.968035] raid6: sse2x4   xor()  9321 MB/s
[   11.032784] raid6: avx2x1   gen() 22366 MB/s
[   11.120295] raid6: avx2x1   xor() 14981 MB/s
[   11.240344] raid6: avx2x2   gen() 25399 MB/s
[   11.308296] raid6: avx2x2   xor() 11313 MB/s
[   11.356428] raid6: avx2x4   gen() 12019 MB/s
[   11.404065] raid6: avx2x4   xor() 14299 MB/s
[   11.427217] raid6: using algorithm avx2x2 gen() 25399 MB/s
[   11.464166] raid6: .... xor() 11313 MB/s, rmw enabled
[   11.514209] raid6: using avx2x2 recovery algorithm
[   11.605854] xor: automatically using best checksumming function   avx       
[   11.634603] async_tx: api initialized (async)
done.
Begin: Running /scripts/init-premount ... done.
Begin: Mounting root file system ... Begin: Running /scripts/local-top ... done.
Begin: Running /scripts/local-premount ... [   11.714406] Btrfs loaded, crc32c=crc32c-intel
Scanning for Btrfs filesystems
done.
Warning: fsck no[   11.746219] EXT4-fs (sda1): INFO: recovery required on readonly filesystem
t present, so sk[   11.889205] EXT4-fs (sda1): write access will be enabled during recovery
ipping root file system
[   12.065695] EXT4-fs (sda1): recovery complete
[   12.113009] EXT4-fs (sda1): mounted filesystem with ordered data mode. Opts: (null)
done.
Begin: Running /scripts/local-bottom ... done.
Begin: Running /scripts/init-bottom ... done.
[   12.487428] ip_tables: (C) 2000-2006 Netfilter Core Team
[   13.092325] systemd[1]: systemd 237 running in system mode. (+PAM +AUDIT +SELINUX +IMA +APPARMOR +SMACK +SYSVINIT +UTMP +LIBCRYPTSETUP +GCRYPT +GNUTLS +ACL +XZ +LZ4 +SECCOMP +BLKID +ELFUTILS +KMOD -IDN2 +IDN -PCRE2 default-hierarchy=hybrid)
[   17.118116] systemd[1]: Detected virtualization oracle.
[   17.119875] systemd[1]: Detected architecture x86-64.

Welcome to [1mUbuntu 18.04.2 LTS[0m!

[   17.173119] systemd[1]: Set hostname to <ubuntu-bionic>.
[   17.748203] systemd[1]: Started Forward Password Requests to Wall Directory Watch.
[[0;32m  OK  [0m] Started Forward Password Requests to Wall Directory Watch.
[   17.795373] systemd[1]: Created slice User and Session Slice.
[[0;32m  OK  [0m] Created slice User and Session Slice.
[   18.082463] systemd[1]: Reached target System Time Synchronized.
[[0;32m  OK  [0m] Reached target System Time Synchronized.
[   18.090828] systemd[1]: Created slice System Slice.
[[0;32m  OK  [0m] Created slice System Slice.
[   18.109151] systemd[1]: Listening on Journal Socket (/dev/log).
[[0;32m  OK  [0m] Listening on Journal Socket (/dev/log).
[   19.121421] systemd[1]: Listening on /dev/initctl Compatibility Named Pipe.
[[0;32m  OK  [0m] Listening on /dev/initctl Compatibility Named Pipe.
[   19.142106] systemd[1]: Listening on udev Kernel Socket.
[[0;32m  OK  [0m] Listening on udev Kernel Socket.
[   19.148223] systemd[1]: Listening on LVM2 metadata daemon socket.
[[0;32m  OK  [0m] Listening on LVM2 metadata daemon socket.
[   19.157195] systemd[1]: Listening on LVM2 poll daemon socket.
[[0;32m  OK  [0m] Listening on LVM2 poll daemon socket.
[   19.163619] systemd[1]: Listening on Device-mapper event daemon FIFOs.
[[0;32m  OK  [0m] Listening on Device-mapper event daemon FIFOs.
[   19.469607] systemd[1]: Listening on udev Control Socket.
[[0;32m  OK  [0m] Listening on udev Control Socket.
[   19.561970] systemd[1]: Created slice system-serial\x2dgetty.slice.
[[0;32m  OK  [0m] Created slice system-serial\x2dgetty.slice.
[   20.736489] systemd[1]: Listening on Journal Audit Socket.
[[0;32m  OK  [0m] Listening on Journal Audit Socket.
[   21.628894] systemd[1]: Reached target User and Group Name Lookups.
[[0;32m  OK  [0m] Reached target User and Group Name Lookups.
[[0;32m  OK  [0m] Reached target Swap.
[[0;32m  OK  [0m] Listening on Journal Socket.
         Startin[   22.174328] random: crng init done
g Set the console keyboard layout...
[   22.182636] random: 7 urandom warning(s) missed due to ratelimiting
         Starting Uncomplicated firewall...
         Mounting POSIX Message Queue File System...
         Starting Create list of required st…ce nodes for the current kernel...
         Mounting Huge Pages File System...
         Mounting Kernel Debug File System...
         Starting Load Kernel Modules...
         Starting udev Coldplug all Devices...
[   22.290781] Loading iSCSI transport class v2.0-870.
         Starting Monitoring of LVM2 mirrors…ng dmeventd or progress polling...
[[0;32m  OK  [0m] Reached target Slices.
[[0;32m  OK  [0m] Set up automount Arbitrary Executab…rmats File System Automount Point.
         Starting Remount Root and Kernel File Systems...
[[0;32m  OK  [0m] Listening on Syslog Socket.
         Starting Journal Service...
[[0;32m  OK  [0m] Listening on Network Service Netlink Socket.
[[0;32m  OK  [0m] Started Uncomplicated firewall.
[[0;32m  OK  [0m] Mounted POSIX Message Queue File System.
[[0;32m  OK  [0m] Started Create list of required sta…vice nodes for the current kernel.
[[0;32m  OK  [0m] Mounted Huge Pages File System.
[[0;32m  OK  [0m] Mounted Kernel Debug File System.
         Starting Create Static Device Nodes in /dev...
[[0;32m  OK  [0m] Started LVM2 metadata daemon.
[[0;32m  OK  [0m] Started udev Coldplug all Devices.
[   22.394637] EXT4-fs (sda1): re-mounted. Opts: (null)
[   22.398350] iscsi: registered transport (tcp)
[[0;32m  OK  [0m] Started Remount Root and Kernel File Systems.
         Starting Load/Save Random Seed...
         Starting Initial cloud-init job (pre-networking)...
[[0;32m  OK  [0m] Started Journal Service.
[[0;32m  OK  [0m] Started Set the console keyboard layout.
[[0;32m  OK  [0m] Started Load/Save Random Seed.
         Starting Flush Journal to Persistent Storage...
[[0;32m  OK  [0m] Started Monitoring of LVM2 mirrors,…sing dmeventd or progress polling.
[[0;32m  OK  [0m] Started Create Static Device Nodes in /dev.
         Starting udev Kernel Device Manager...
[[0;32m  OK  [0m] Reached target Local File Systems (Pre).
[[0;32m  OK  [0m] Reached target Local File Systems.
         Starting Set console font and keymap...
         Starting Tell Plymouth To Write Out Runtime Data...
         Starting AppArmor initialization...
         Starting ebtables ruleset management...
[[0;32m  OK  [0m] Started udev Kernel Device Manager.
[[0;32m  OK  [0m] Started Dispatch Password Requests to Console Directory Watch.
[[0;32m  OK  [0m] Reached target Local Encrypted Volumes.
[   22.728418] systemd-journald[402]: Received request to flush runtime journal from PID 1
[[0;32m  OK  [0m] Started Set console font and keymap.
[[0;32m  OK  [0m] Started Tell Plymouth To Write Out Runtime Data.
[   22.851127] iscsi: registered transport (iser)
[[0;32m  OK  [0m] Started Load Kernel Modules.
         Mounting FUSE Control File System...
         Mounting Kernel Configuration File System...
         Starting Apply Kernel Variables...
[[0;32m  OK  [0m] Mounted FUSE Control File System.
[[0;32m  OK  [0m] Mounted Kernel Configuration File System.
[[0;32m  OK  [0m] Started Apply Kernel Variables.
[[0;32m  OK  [0m] Started ebtables ruleset management.
[[0;32m  OK  [0m] Found device /dev/ttyS0.
[[0;32m  OK  [0m] Started Flush Journal to Persistent Storage.
         Starting Create Volatile Files and Directories...
[[0;32m  OK  [0m] Started Create Volatile Files and Directories.
         Starting Update UTMP about System Boot/Shutdown...
[[0;32m  OK  [0m] Listening on Load/Save RF Kill Switch Status /dev/rfkill Watch.
[[0;32m  OK  [0m] Started Update UTMP about System Boot/Shutdown.
[[0;32m  OK  [0m] Started AppArmor initialization.
[   24.749749] cloud-init[408]: Cloud-init v. 18.5-45-g3554ffe8-0ubuntu1~18.04.1 running 'init-local' at Wed, 10 Apr 2019 21:58:08 +0000. Up 24.49 seconds.
[[0;32m  OK  [0m] Started Initial cloud-init job (pre-networking).
[[0;32m  OK  [0m] Reached target Network (Pre).
         Starting Network Service...
[[0;32m  OK  [0m] Started Network Service.
         Starting Wait for Network to be Configured...
         Starting Network Name Resolution...
[[0;32m  OK  [0m] Started Network Name Resolution.
[[0;32m  OK  [0m] Reached target Host and Network Name Lookups.
[[0;32m  OK  [0m] Reached target Network.
[[0;32m  OK  [0m] Started Wait for Network to be Configured.
         Starting Initial cloud-init job (metadata service crawler)...
[   26.717015] cloud-init[647]: Cloud-init v. 18.5-45-g3554ffe8-0ubuntu1~18.04.1 running 'init' at Wed, 10 Apr 2019 21:58:10 +0000. Up 26.56 seconds.
[   26.745845] cloud-init[647]: ci-info: ++++++++++++++++++++++++++++++++++++++Net device info+++++++++++++++++++++++++++++++++++++++
[   26.753628] cloud-init[647]: ci-info: +--------+------+-----------------------------+---------------+--------+-------------------+
[   26.763438] cloud-init[647]: ci-info: | Device |  Up  |           Address           |      Mask     | Scope  |     Hw-Address    |
[   26.788719] cloud-init[647]: ci-info: +--------+------+-----------------------------+---------------+--------+-------------------+
[   26.860549] cloud-init[647]: ci-info: | enp0s3 | True |          10.0.2.15          | 255.255.255.0 | global | 02:1e:30:9c:a3:c0 |
[   26.881989] cloud-init[647]: ci-info: | enp0s3 | True |  fe80::1e:30ff:fe9c:a3c0/64 |       .       |  link  | 02:1e:30:9c:a3:c0 |
[   26.903032] cloud-init[647]: ci-info: | enp0s8 | True |        192.168.33.10        | 255.255.255.0 | global | 08:00:27:94:1e:ba |
[   26.923622] cloud-init[647]: ci-info: | enp0s8 | True | fe80::a00:27ff:fe94:1eba/64 |       .       |  link  | 08:00:27:94:1e:ba |
[   26.927961] cloud-init[647]: ci-info: |   lo   | True |          127.0.0.1          |   255.0.0.0   |  host  |         .         |
[   26.976973] cloud-init[647]: ci-info: |   lo   | True |           ::1/128           |       .       |  host  |         .         |
[[0;32m  OK  [0m] Started Initial cloud-init job (metadata service crawler).
[   27.017243] [[0;32m  OK  [0m] Reached target Network is Online.
cloud-init[647]: ci-info: +--------+------+-----------------------------+---------------+--------+-------------------+
[[0;32m  OK  [0m] Reached target Remote File Systems (Pre).
[   27.071029] [[0;32m  OK  [0m] Reached target Remote File Systems.
         Starting Availability of block devices...
[[0;32m  OK  [0m] Reached target Cloud-config availability.
[[0;32m  OK  [0m] Reached target System Initialization.
[[0;32m  OK  [0m] Started Daily Cleanup of Temporary Directories.
         Starting LXD - unix socket.
cloud-init[647]: ci-info: +++++++++++++++++++++++++++++Route IPv4 info+++++++++++++++++++++++++++++
[[   27.112395] cloud-init[647]: ci-info: +-------+--------------+----------+-----------------+-----------+-------+
[   27.112846] cloud-init[647]: ci-info: | Route | Destination  | Gateway  |     Genmask     | Interface | Flags |
[   27.113504] cloud-init[647]: ci-info: +-------+--------------+----------+-----------------+-----------+-------+
[   27.114205] cloud-init[647]: ci-info: |   0   |   0.0.0.0    | 10.0.2.2 |     0.0.0.0     |   enp0s3  |   UG  |
[0;32m  OK  [0m] Started Message of the Day.
[   27.114498] cloud-init[647]: ci-info: |   1   |   10.0.2.0   | 0.0.0.0  |  255.255.255.0  |   enp0s3  |   U   |
[[0;32m  OK  [0m[   27.163365] cloud-init[647]: ci-info: |   2   |   10.0.2.2   | 0.0.0.0  | 255.255.255.255 |   enp0s3  |   UH  |
[   27.165012] cloud-init[647]: ci-info: |   3   | 192.168.33.0 | 0.0.0.0  |  255.255.255.0  |   enp0s8  |   U   |
] Started Daily apt download activities.
[   27.166526] cloud-init[647]: ci-info: +-------+--------------+----------+-----------------+-----------+-------+
[[0;32m  OK  [0m[   27.199503] cloud-init[647]: ci-info: +++++++++++++++++++Route IPv6 info+++++++++++++++++++
[   27.199894] cloud-init[647]: ci-info: +-------+-------------+---------+-----------+-------+
[   27.200581] cloud-init[647]: ci-info: | Route | Destination | Gateway | Interface | Flags |
[   27.200897] cloud-init[647]: ci-info: +-------+-------------+---------+-----------+-------+
[   27.201226] cloud-init[647]: ci-info: |   1   |  fe80::/64  |    ::   |   enp0s8  |   U   |
[   27.201544] cloud-init[647]: ci-info: |   2   |  fe80::/64  |    ::   |   enp0s3  |   U   |
[   27.201880] cloud-init[647]: ci-info: |   4   |    local    |    ::   |   enp0s3  |   U   |
[   27.202187] cloud-init[647]: ci-info: |   5   |    local    |    ::   |   enp0s8  |   U   |
[   27.202508] cloud-init[647]: ci-info: |   6   |   ff00::/8  |    ::   |   enp0s8  |   U   |
[   27.202830] cloud-init[647]: ci-info: |   7   |   ff00::/8  |    ::   |   enp0s3  |   U   |
[   27.203201] cloud-init[647]: ci-info: +-------+-------------+---------+-----------+-------+
] Listening on ACPID Listen Socket.
[[0;32m  OK  [0m] Started ACPI Events Check.
[[0;32m  OK  [0m] Started Daily apt upgrade and clean activities.
[[0;32m  OK  [0m] Listening on Open-iSCSI iscsid Socket.
         Starting Socket activation for snappy daemon.
[[0;32m  OK  [0m] Listening on UUID daemon activation socket.
[[0;32m  OK  [0m] Started Discard unused blocks once a week.
[[0;32m  OK  [0m] Reached target Timers.
[[0;32m  OK  [0m] Reached target Paths.
[[0;32m  OK  [0m] Listening on D-Bus System Message Bus Socket.
[[0;32m  OK  [0m] Started Availability of block devices.
[[0;32m  OK  [0m] Listening on LXD - unix socket.
[[0;32m  OK  [0m] Listening on Socket activation for snappy daemon.
[[0;32m  OK  [0m] Reached target Sockets.
[[0;32m  OK  [0m] Reached target Basic System.
         Starting Virtualbox guest utils...
[[0;32m  OK  [0m] Started FUSE filesystem for LXC.
[[0;32m  OK  [0m] Started Deferred execution scheduler.
         Starting OpenBSD Secure Shell server...
         Starting LSB: automatic crash report generation...
[[0;32m  OK  [0m] Started Regular background program processing daemon.
         Starting System Logging Service...
[[0;32m  OK  [0m] Started irqbalance daemon.
[[0;32m  OK  [0m] Started D-Bus System Message Bus.
         Starting LSB: Record successful boot for GRUB...
         Starting Permit User Sessions...
         Starting Accounts Service...
         Starting Login Service...
         Starting Snappy daemon...
         Starting Dispatcher daemon for systemd-networkd...
         Starting LXD - container startup/shutdown...
[[0;32m  OK  [0m] Started System Logging Service.
[[0;32m  OK  [0m] Started Permit User Sessions.
[[0;32m  OK  [0m] Started Login Service.
[[0;32m  OK  [0m] Started OpenBSD Secure Shell server.
[[0;32m  OK  [0m] Started Unattended Upgrades Shutdown.
         Starting Hold until boot process finishes up...
         Starting Terminate Plymouth Boot Screen...
[[0;32m  OK  [0m] Started Hold until boot process finishes up.
[[0;32m  OK  [0m] Started Serial Getty on ttyS0.
         Starting Set console scheme...
[[0;32m  OK  [0m] Started Terminate Plymouth Boot Screen.
[[0;32m  OK  [0m] Started Set console scheme.
[[0;32m  OK  [0m] Created slice system-getty.slice.
[[0;32m  OK  [0m] Started Getty on tty1.
[[0;32m  OK  [0m] Reached target Login Prompts.
         Starting Authorization Manager...
[[0;32m  OK  [0m] Started LSB: automatic crash report generation.
[[0;32m  OK  [0m] Started LSB: Record successful boot for GRUB.
[[0;32m  OK  [0m] Started Snappy daemon.
         Starting Wait until snapd is fully seeded...
[[0;32m  OK  [0m] Started Virtualbox guest utils.
[[0;32m  OK  [0m] Started Authorization Manager.
[[0;32m  OK  [0m] Started Accounts Service.
[[0;32m  OK  [0m] Started LXD - container startup/shutdown.
[[0;32m  OK  [0m] Started Wait until snapd is fully seeded.
         Starting Apply the settings specified in cloud-config...
[[0;32m  OK  [0m] Started Dispatcher daemon for systemd-networkd.
[[0;32m  OK  [0m] Reached target Multi-User System.
[[0;32m  OK  [0m] Reached target Graphical Interface.
         Starting Update UTMP about System Runlevel Changes...
[[0;32m  OK  [0m] Started Update UTMP about System Runlevel Changes.
[   29.097467] cloud-init[1014]: Cloud-init v. 18.5-45-g3554ffe8-0ubuntu1~18.04.1 running 'modules:config' at Wed, 10 Apr 2019 21:58:13 +0000. Up 28.99 seconds.
[[0;32m  OK  [0m] Started Apply the settings specified in cloud-config.
         Starting Execute cloud user/final scripts...
[   29.698292] cloud-init[1051]: Cloud-init v. 18.5-45-g3554ffe8-0ubuntu1~18.04.1 running 'modules:final' at Wed, 10 Apr 2019 21:58:13 +0000. Up 29.58 seconds.
[   29.702689] cloud-init[1051]: Cloud-init v. 18.5-45-g3554ffe8-0ubuntu1~18.04.1 finished at Wed, 10 Apr 2019 21:58:13 +0000. Datasource DataSourceNoCloud [seed=/dev/sdb][dsmode=net].  Up 29.69 seconds
[[0;32m  OK  [0m] Started Execute cloud user/final scripts.
[[0;32m  OK  [0m] Reached target Cloud-init target.

Ubuntu 18.04.2 LTS ubuntu-bionic ttyS0

ubuntu-bionic login: 